Cette page est en mode de compatibilité (quirks). La mise en page peut en être affectée. Pour le mode standard, utilisez « <!DOCTYPE html> ». index.html
products.js loaded products.js:1:9
Products loaded: 0 app.js:2:9
DOMContentLoaded fired (fallback) app.js:437:13
Initializing app... app.js:372:13
Generating stars... app.js:77:13
Updating translations for language: fr app.js:107:13
Displaying systems... 2 app.js:173:13
Found language buttons: 2 app.js:379:13
Found nav buttons: 4 app.js:385:13
Attaching input listener to productSearch app.js:395:17
Attaching click listener to searchProductBtn app.js:406:17
Initializing resources module... app.js:418:17
Initializing resources module... resources.js:76:13
Attaching input listener to resourceSearch resources.js:81:17
Attaching click listener to searchResourceBtn resources.js:92:17
Adding system listeners... app.js:202:13
Initializing resources module... resources.js:76:13
Attaching input listener to resourceSearch resources.js:81:17
Attaching click listener to searchResourceBtn resources.js:92:17
Input event triggered with query: ter app.js:398:21
Displaying suggestions for query: ter app.js:264:13
No products available for suggestions app.js:297:17
Input event triggered with query: terr app.js:398:21
Displaying suggestions for query: terr app.js:264:13
No products available for suggestions app.js:297:17
Input event triggered with query: terre app.js:398:21
Displaying suggestions for query: terre app.js:264:13
No products available for suggestions app.js:297:17
Search button clicked with query: terre app.js:409:21
Searching product: terre app.js:241:13
Filtered products: 
Array []
app.js:253:13
No products found for query: terre app.js:255:17
